2022-01-04 14:38:26  WM_QUERYENDSESSION =====================================
2022-01-04 14:38:26  C:\Users\susha\AppData\Roaming\Notepad++\config.xml is opened.
2022-01-04 14:38:26  C:\Users\susha\AppData\Roaming\Notepad++\config.xml  7248/7248 bytes are written.
2022-01-04 14:38:26  C:\Users\susha\AppData\Roaming\Notepad++\config.xml is closed.
2022-01-04 14:38:26  C:\Users\susha\AppData\Roaming\Notepad++\session.xml is opened.
2022-01-04 14:38:26  C:\Users\susha\AppData\Roaming\Notepad++\session.xml  9081/9081 bytes are written.
2022-01-04 14:38:26  C:\Users\susha\AppData\Roaming\Notepad++\session.xml is closed.
2022-01-04 14:38:26  WM_ENDSESSION
2022-01-04 14:38:26  WM_DESTROY
2022-02-15 12:12:04  WM_QUERYENDSESSION =====================================
2022-02-15 12:12:04  C:\Users\susha\AppData\Roaming\Notepad++\config.xml is opened.
2022-02-15 12:12:04  C:\Users\susha\AppData\Roaming\Notepad++\config.xml  7590/7590 bytes are written.
2022-02-15 12:12:04  C:\Users\susha\AppData\Roaming\Notepad++\config.xml is closed.
2022-02-15 12:12:04  C:\Users\susha\AppData\Roaming\Notepad++\session.xml is opened.
2022-02-15 12:12:04  C:\Users\susha\AppData\Roaming\Notepad++\session.xml  16884/16884 bytes are written.
2022-02-15 12:12:04  C:\Users\susha\AppData\Roaming\Notepad++\session.xml is closed.
2022-02-15 12:12:04  WM_ENDSESSION
2022-02-15 12:12:04  WM_DESTROY
2022-03-25 20:18:58  WM_QUERYENDSESSION =====================================
2022-03-25 20:18:59  C:\Users\susha\AppData\Roaming\Notepad++\config.xml is opened.
2022-03-25 20:18:59  C:\Users\susha\AppData\Roaming\Notepad++\config.xml  8615/8615 bytes are written.
2022-03-25 20:18:59  C:\Users\susha\AppData\Roaming\Notepad++\config.xml is closed.
2022-03-25 20:18:59  C:\Users\susha\AppData\Roaming\Notepad++\session.xml is opened.
2022-03-25 20:18:59  C:\Users\susha\AppData\Roaming\Notepad++\session.xml  2628/2628 bytes are written.
2022-03-25 20:18:59  C:\Users\susha\AppData\Roaming\Notepad++\session.xml is closed.
2022-03-25 20:18:59  WM_ENDSESSION
2022-03-25 20:18:59  WM_DESTROY
